# JRE version: Java(TM) SE Runtime Environment (11.0.2+9) (build 11.0.2+9-LTS)
# Java VM: Java HotSpot(TM) 64-Bit Server VM (11.0.2+9-LTS, mixed mode, tiered, compressed oops, g1 gc, bsd-amd64)
Heap:
 garbage-first heap   total 315392K, used 132706K [0x0000000700000000, 0x0000000800000000)
  region size 1024K, 127 young (130048K), 1 survivors (1024K)
 Metaspace       used 13449K, capacity 13861K, committed 13952K, reserved 1060864K
  class space    used 1427K, capacity 1620K, committed 1664K, reserved 1048576K
GC Heap History (10 events):
Event: 115.121 GC heap before
{Heap before GC invocations=1068 (full 0):
 garbage-first heap   total 315392K, used 192104K [0x0000000700000000, 0x0000000800000000)
  region size 1024K, 184 young (188416K), 1 survivors (1024K)
 Metaspace       used 13397K, capacity 13797K, committed 13952K, reserved 1060864K
  class space    used 1426K, capacity 1620K, committed 1664K, reserved 1048576K
}
Event: 115.121 GC heap after
{Heap after GC invocations=1069 (full 0):
 garbage-first heap   total 315392K, used 4712K [0x0000000700000000, 0x0000000800000000)
  region size 1024K, 1 young (1024K), 1 survivors (1024K)
 Metaspace       used 13397K, capacity 13797K, committed 13952K, reserved 1060864K
  class space    used 1426K, capacity 1620K, committed 1664K, reserved 1048576K
}
Event: 115.222 GC heap before
{Heap before GC invocations=1069 (full 0):
 garbage-first heap   total 315392K, used 192104K [0x0000000700000000, 0x0000000800000000)
  region size 1024K, 184 young (188416K), 1 survivors (1024K)
 Metaspace       used 13397K, capacity 13797K, committed 13952K, reserved 1060864K
  class space    used 1426K, capacity 1620K, committed 1664K, reserved 1048576K
}
Event: 115.222 GC heap after
{Heap after GC invocations=1070 (full 0):
 garbage-first heap   total 315392K, used 4706K [0x0000000700000000, 0x0000000800000000)
  region size 1024K, 1 young (1024K), 1 survivors (1024K)
 Metaspace       used 13397K, capacity 13797K, committed 13952K, reserved 1060864K
  class space    used 1426K, capacity 1620K, committed 1664K, reserved 1048576K
}
Event: 115.320 GC heap before
{Heap before GC invocations=1070 (full 0):
 garbage-first heap   total 315392K, used 192098K [0x0000000700000000, 0x0000000800000000)
  region size 1024K, 184 young (188416K), 1 survivors (1024K)
 Metaspace       used 13397K, capacity 13797K, committed 13952K, reserved 1060864K
  class space    used 1426K, capacity 1620K, committed 1664K, reserved 1048576K
}
Event: 115.320 GC heap after
{Heap after GC invocations=1071 (full 0):
 garbage-first heap   total 315392K, used 4712K [0x0000000700000000, 0x0000000800000000)
  region size 1024K, 1 young (1024K), 1 survivors (1024K)
 Metaspace       used 13397K, capacity 13797K, committed 13952K, reserved 1060864K
  class space    used 1426K, capacity 1620K, committed 1664K, reserved 1048576K
}
Event: 115.419 GC heap before
{Heap before GC invocations=1071 (full 0):
 garbage-first heap   total 315392K, used 192104K [0x0000000700000000, 0x0000000800000000)
  region size 1024K, 184 young (188416K), 1 survivors (1024K)
 Metaspace       used 13397K, capacity 13797K, committed 13952K, reserved 1060864K
  class space    used 1426K, capacity 1620K, committed 1664K, reserved 1048576K
}
Event: 115.419 GC heap after
{Heap after GC invocations=1072 (full 0):
 garbage-first heap   total 315392K, used 4712K [0x0000000700000000, 0x0000000800000000)
  region size 1024K, 1 young (1024K), 1 survivors (1024K)
 Metaspace       used 13397K, capacity 13797K, committed 13952K, reserved 1060864K
  class space    used 1426K, capacity 1620K, committed 1664K, reserved 1048576K
}
Event: 115.519 GC heap before
{Heap before GC invocations=1072 (full 0):
 garbage-first heap   total 315392K, used 192104K [0x0000000700000000, 0x0000000800000000)
  region size 1024K, 184 young (188416K), 1 survivors (1024K)
 Metaspace       used 13397K, capacity 13797K, committed 13952K, reserved 1060864K
  class space    used 1426K, capacity 1620K, committed 1664K, reserved 1048576K
}
Event: 115.519 GC heap after
{Heap after GC invocations=1073 (full 0):
 garbage-first heap   total 315392K, used 4706K [0x0000000700000000, 0x0000000800000000)
  region size 1024K, 1 young (1024K), 1 survivors (1024K)
 Metaspace       used 13397K, capacity 13797K, committed 13952K, reserved 1060864K
  class space    used 1426K, capacity 1620K, committed 1664K, reserved 1048576K
}

